<?xml version="1.0" encoding="UTF-8"?>
<!-- Generated by org.testng.reporters.JUnitReportReporter -->
<testsuite hostname="3fbed5f14773" failures="0" tests="2" name="com.dockerpomvims.testcases.FlightReservation" time="20.152" errors="0" timestamp="2024-10-29T19:02:33 GMT" skipped="0">
  <testcase classname="com.dockerpomvims.testcases.FlightReservation" name="Registration" time="11.259"/>
  <testcase classname="com.dockerpomvims.testcases.FlightReservation" name="Registration" time="8.893"/>
</testsuite> <!-- com.dockerpomvims.testcases.FlightReservation -->
