<?xml version="1.0" encoding="UTF-8"?>
<!-- Generated by org.testng.reporters.JUnitReportReporter -->
<testsuite hostname="764650fd63ac" failures="0" tests="9" name="com.vinsguru.tests.vendorportal.VendorPortalTest" time="26.429" errors="0" timestamp="2024-10-29T18:58:12 GMT" skipped="0">
  <testcase classname="com.vinsguru.tests.vendorportal.VendorPortalTest" name="dashboardTest" time="7.386"/>
  <testcase classname="com.vinsguru.tests.vendorportal.VendorPortalTest" name="logoutTest" time="0.904"/>
  <testcase classname="com.vinsguru.tests.vendorportal.VendorPortalTest" name="loginTest" time="1.623"/>
  <testcase classname="com.vinsguru.tests.vendorportal.VendorPortalTest" name="dashboardTest" time="4.816"/>
  <testcase classname="com.vinsguru.tests.vendorportal.VendorPortalTest" name="loginTest" time="1.561"/>
  <testcase classname="com.vinsguru.tests.vendorportal.VendorPortalTest" name="logoutTest" time="1.082"/>
  <testcase classname="com.vinsguru.tests.vendorportal.VendorPortalTest" name="loginTest" time="1.513"/>
  <testcase classname="com.vinsguru.tests.vendorportal.VendorPortalTest" name="logoutTest" time="1.465"/>
  <testcase classname="com.vinsguru.tests.vendorportal.VendorPortalTest" name="dashboardTest" time="6.079"/>
</testsuite> <!-- com.vinsguru.tests.vendorportal.VendorPortalTest -->
